<?xml version="1.0" encoding="UTF-8" ?>
<testsuite errors="4" failures="10" hostname="seoyechan-ui-MacBookPro.local" name="com.allendowney.thinkdast.MyLinkedListTest" skipped="0" tests="20" time="0.162" timestamp="2023-05-08T07:44:54">
  <properties>
    <property name="java.vendor" value="AdoptOpenJDK" />
    <property name="sun.java.launcher" value="SUN_STANDARD" />
    <property name="env.XPC_SERVICE_NAME" value="application.com.jetbrains.intellij.ce.1584580.1585275" />
    <property name="sun.management.compiler" value="HotSpot 64-Bit Tiered Compilers" />
    <property name="os.name" value="Mac OS X" />
    <property name="sun.boot.class.path" value="/Library/Java/JavaVirtualMachines/adoptopenjdk-8.jdk/Contents/Home/jre/lib/resources.jar:/Library/Java/JavaVirtualMachines/adoptopenjdk-8.jdk/Contents/Home/jre/lib/rt.jar:/Library/Java/JavaVirtualMachines/adoptopenjdk-8.jdk/Contents/Home/jre/lib/sunrsasign.jar:/Library/Java/JavaVirtualMachines/adoptopenjdk-8.jdk/Contents/Home/jre/lib/jsse.jar:/Library/Java/JavaVirtualMachines/adoptopenjdk-8.jdk/Contents/Home/jre/lib/jce.jar:/Library/Java/JavaVirtualMachines/adoptopenjdk-8.jdk/Contents/Home/jre/lib/charsets.jar:/Library/Java/JavaVirtualMachines/adoptopenjdk-8.jdk/Contents/Home/jre/lib/jfr.jar:/Library/Java/JavaVirtualMachines/adoptopenjdk-8.jdk/Contents/Home/jre/classes" />
    <property name="env.TMPDIR" value="/var/folders/8s/j71gjh5s501bxr3b46lh6xxh0000gn/T/" />
    <property name="env.PWD" value="/Users/seoyechan/IdeaProjects/JavaDataStructure" />
    <property name="java.vm.specification.vendor" value="Oracle Corporation" />
    <property name="ant.home" value="/Applications/IntelliJ IDEA CE.app/Contents/lib/ant" />
    <property name="java.runtime.version" value="1.8.0_292-b10" />
    <property name="user.name" value="seoyechan" />
    <property name="env.USER" value="seoyechan" />
    <property name="env.SHELL" value="/bin/zsh" />
    <property name="env.__CF_USER_TEXT_ENCODING" value="0x1F5:0x3:0x33" />
    <property name="env.PATH" value="/opt/homebrew/bin:/Library/Frameworks/Python.framework/Versions/3.11/bin:/usr/local/bin:/System/Cryptexes/App/usr/bin:/usr/bin:/bin:/usr/sbin:/sbin" />
    <property name="user.language" value="ko" />
    <property name="sun.boot.library.path" value="/Library/Java/JavaVirtualMachines/adoptopenjdk-8.jdk/Contents/Home/jre/lib" />
    <property name="ant.project.default-target" value="build" />
    <property name="env.XPC_FLAGS" value="0x0" />
    <property name="ant.project.name" value="JavaDataStructure" />
    <property name="env.LC_CTYPE" value="ko_KR.UTF-8" />
    <property name="java.version" value="1.8.0_292" />
    <property name="user.timezone" value="" />
    <property name="sun.arch.data.model" value="64" />
    <property name="http.nonProxyHosts" value="local|*.local|169.254/16|*.169.254/16" />
    <property name="java.endorsed.dirs" value="/Library/Java/JavaVirtualMachines/adoptopenjdk-8.jdk/Contents/Home/jre/lib/endorsed" />
    <property name="sun.cpu.isalist" value="" />
    <property name="sun.jnu.encoding" value="UTF-8" />
    <property name="file.encoding.pkg" value="sun.io" />
    <property name="file.separator" value="/" />
    <property name="java.specification.name" value="Java Platform API Specification" />
    <property name="java.class.version" value="52.0" />
    <property name="src" value="/Users/seoyechan/IdeaProjects/JavaDataStructure/src/main/java" />
    <property name="user.country" value="KR" />
    <property name="java.home" value="/Library/Java/JavaVirtualMachines/adoptopenjdk-8.jdk/Contents/Home/jre" />
    <property name="java.vm.info" value="mixed mode" />
    <property name="env.JAVA_MAIN_CLASS_28811" value="com.intellij.rt.ant.execution.AntMain2" />
    <property name="env.LOGNAME" value="seoyechan" />
    <property name="ant.file" value="/Users/seoyechan/IdeaProjects/JavaDataStructure/build.xml" />
    <property name="os.version" value="10.16" />
    <property name="path.separator" value=":" />
    <property name="java.vm.version" value="25.292-b10" />
    <property name="ant.library.dir" value="/Applications/IntelliJ IDEA CE.app/Contents/lib/ant/lib" />
    <property name="env.__CFBundleIdentifier" value="com.jetbrains.intellij.ce" />
    <property name="junit.output.dir" value="junit" />
    <property name="env.JAVA_HOME" value="/Library/Java/JavaVirtualMachines/adoptopenjdk-8.jdk/Contents/Home" />
    <property name="java.awt.printerjob" value="sun.lwawt.macosx.CPrinterJob" />
    <property name="sun.io.unicode.encoding" value="UnicodeBig" />
    <property name="awt.toolkit" value="sun.lwawt.macosx.LWCToolkit" />
    <property name="socksNonProxyHosts" value="local|*.local|169.254/16|*.169.254/16" />
    <property name="ftp.nonProxyHosts" value="local|*.local|169.254/16|*.169.254/16" />
    <property name="user.home" value="/Users/seoyechan" />
    <property name="target" value="1.7" />
    <property name="env.OLDPWD" value="/" />
    <property name="java.specification.vendor" value="Oracle Corporation" />
    <property name="java.library.path" value="/Users/seoyechan/Library/Java/Extensions:/Library/Java/Extensions:/Network/Library/Java/Extensions:/System/Library/Java/Extensions:/usr/lib/java:." />
    <property name="java.vendor.url" value="https://adoptopenjdk.net/" />
    <property name="java.vm.vendor" value="AdoptOpenJDK" />
    <property name="gopherProxySet" value="false" />
    <property name="java.runtime.name" value="OpenJDK Runtime Environment" />
    <property name="sun.java.command" value="org.apache.tools.ant.taskdefs.optional.junit.JUnitTestRunner com.allendowney.thinkdast.MyLinkedListTest skipNonTests=false filtertrace=true haltOnError=false haltOnFailure=false formatter=org.apache.tools.ant.taskdefs.optional.junit.OutErrSummaryJUnitResultFormatter showoutput=false outputtoformatters=true logfailedtests=true threadid=0 logtestlistenerevents=false formatter=org.apache.tools.ant.taskdefs.optional.junit.XMLJUnitResultFormatter,/Users/seoyechan/IdeaProjects/JavaDataStructure/junit/TEST-com.allendowney.thinkdast.MyLinkedListTest.xml crashfile=/Users/seoyechan/IdeaProjects/JavaDataStructure/junitvmwatcher691409465170898702.properties propsfile=/Users/seoyechan/IdeaProjects/JavaDataStructure/junit2797207375255226178.properties" />
    <property name="java.class.path" value="/Users/seoyechan/IdeaProjects/JavaDataStructure/out/production/classes:/Users/seoyechan/IdeaProjects/JavaDataStructure/lib/jedis-2.8.0.jar:/Users/seoyechan/IdeaProjects/JavaDataStructure/lib/jsoup-1.8.3.jar:/Users/seoyechan/IdeaProjects/JavaDataStructure/lib/junit-4.12.jar:/Users/seoyechan/IdeaProjects/JavaDataStructure/lib/hamcrest-core-1.3.jar:/Users/seoyechan/IdeaProjects/JavaDataStructure/lib/jcommon-1.0.23.jar:/Users/seoyechan/IdeaProjects/JavaDataStructure/lib/jfreechart-1.0.19.jar:/Users/seoyechan/IdeaProjects/JavaDataStructure/lib/servlet.jar:/Users/seoyechan/IdeaProjects/JavaDataStructure/lib/ant-junit.jar:/Users/seoyechan/IdeaProjects/JavaDataStructure/lib/commons-math3-3.6.jar:/Users/seoyechan/IdeaProjects/JavaDataStructure/lib/hamcrest-library-1.3.jar:/Applications/IntelliJ IDEA CE.app/Contents/lib/ant/lib/ant.jar" />
    <property name="ant.version" value="Apache Ant(TM) version 1.10.12 compiled on October 13 2021" />
    <property name="ant.file.type.JavaDataStructure" value="file" />
    <property name="env.JAVA_HOME_8" value="/Library/Java/JavaVirtualMachines/adoptopenjdk-8.jdk/Contents/Home" />
    <property name="ant.file.JavaDataStructure" value="/Users/seoyechan/IdeaProjects/JavaDataStructure/build.xml" />
    <property name="java.vm.specification.name" value="Java Virtual Machine Specification" />
    <property name="ant.file.type" value="file" />
    <property name="java.vm.specification.version" value="1.8" />
    <property name="sun.os.patch.level" value="unknown" />
    <property name="sun.cpu.endian" value="little" />
    <property name="env.HOME" value="/Users/seoyechan" />
    <property name="debuglevel" value="source,lines,vars" />
    <property name="env.JAVA_HOME_16" value="/Library/Java/JavaVirtualMachines/adoptopenjdk-16.jdk/Contents/Home" />
    <property name="java.io.tmpdir" value="/var/folders/8s/j71gjh5s501bxr3b46lh6xxh0000gn/T/" />
    <property name="java.vendor.url.bug" value="https://github.com/AdoptOpenJDK/openjdk-support/issues" />
    <property name="env.SSH_AUTH_SOCK" value="/private/tmp/com.apple.launchd.rYpIgtC7C2/Listeners" />
    <property name="env.COMMAND_MODE" value="unix2003" />
    <property name="os.arch" value="x86_64" />
    <property name="java.awt.graphicsenv" value="sun.awt.CGraphicsEnvironment" />
    <property name="java.ext.dirs" value="/Users/seoyechan/Library/Java/Extensions:/Library/Java/JavaVirtualMachines/adoptopenjdk-8.jdk/Contents/Home/jre/lib/ext:/Library/Java/Extensions:/Network/Library/Java/Extensions:/System/Library/Java/Extensions:/usr/lib/java" />
    <property name="user.dir" value="/Users/seoyechan/IdeaProjects/JavaDataStructure" />
    <property name="line.separator" value="&#xa;" />
    <property name="java.vm.name" value="OpenJDK 64-Bit Server VM" />
    <property name="basedir" value="/Users/seoyechan/IdeaProjects/JavaDataStructure" />
    <property name="ant.java.version" value="1.8" />
    <property name="ant.core.lib" value="/Applications/IntelliJ IDEA CE.app/Contents/lib/ant/lib/ant.jar" />
    <property name="source" value="1.7" />
    <property name="file.encoding" value="UTF-8" />
    <property name="java.specification.version" value="1.8" />
    <property name="ant.project.invoked-targets" value="MyLinkedListTest" />
  </properties>
  <testcase classname="com.allendowney.thinkdast.MyLinkedListTest" name="testToArray" time="0.007">
    <error message="0" type="java.lang.ArrayIndexOutOfBoundsException">java.lang.ArrayIndexOutOfBoundsException: 0
	at com.allendowney.thinkdast.MyArrayListTest.testToArray(MyArrayListTest.java:294)
</error>
  </testcase>
  <testcase classname="com.allendowney.thinkdast.MyLinkedListTest" name="testAddIntT" time="0.004">
    <failure message="&#xa;Expected: is &lt;4&gt;&#xa;     but: was &lt;0&gt;" type="junit.framework.AssertionFailedError">junit.framework.AssertionFailedError: 
Expected: is &lt;4&gt;
     but: was &lt;0&gt;
	at org.hamcrest.MatcherAssert.assertThat(MatcherAssert.java:20)
	at com.allendowney.thinkdast.MyArrayListTest.testAddIntT(MyArrayListTest.java:67)
</failure>
  </testcase>
  <testcase classname="com.allendowney.thinkdast.MyLinkedListTest" name="testGet" time="0.0" />
  <testcase classname="com.allendowney.thinkdast.MyLinkedListTest" name="testSet" time="0.001">
    <failure message="&#xa;Expected: is &lt;2&gt;&#xa;     but: was null" type="junit.framework.AssertionFailedError">junit.framework.AssertionFailedError: 
Expected: is &lt;2&gt;
     but: was null
	at org.hamcrest.MatcherAssert.assertThat(MatcherAssert.java:20)
	at com.allendowney.thinkdast.MyArrayListTest.testSet(MyArrayListTest.java:244)
</failure>
  </testcase>
  <testcase classname="com.allendowney.thinkdast.MyLinkedListTest" name="testAddAllCollectionOfQextendsT" time="0.0">
    <failure message="&#xa;Expected: is &lt;12&gt;&#xa;     but: was &lt;0&gt;" type="junit.framework.AssertionFailedError">junit.framework.AssertionFailedError: 
Expected: is &lt;12&gt;
     but: was &lt;0&gt;
	at org.hamcrest.MatcherAssert.assertThat(MatcherAssert.java:20)
	at com.allendowney.thinkdast.MyArrayListTest.testAddAllCollectionOfQextendsT(MyArrayListTest.java:96)
</failure>
  </testcase>
  <testcase classname="com.allendowney.thinkdast.MyLinkedListTest" name="testClear" time="0.0" />
  <testcase classname="com.allendowney.thinkdast.MyLinkedListTest" name="testAddT" time="0.0" />
  <testcase classname="com.allendowney.thinkdast.MyLinkedListTest" name="testSize" time="0.0">
    <failure message="&#xa;Expected: is &lt;3&gt;&#xa;     but: was &lt;0&gt;" type="junit.framework.AssertionFailedError">junit.framework.AssertionFailedError: 
Expected: is &lt;3&gt;
     but: was &lt;0&gt;
	at org.hamcrest.MatcherAssert.assertThat(MatcherAssert.java:20)
	at com.allendowney.thinkdast.MyArrayListTest.testSize(MyArrayListTest.java:275)
</failure>
  </testcase>
  <testcase classname="com.allendowney.thinkdast.MyLinkedListTest" name="testLastIndexOf" time="0.0" />
  <testcase classname="com.allendowney.thinkdast.MyLinkedListTest" name="testContainsAll" time="0.001">
    <failure message="&#xa;Expected: &lt;true&gt;&#xa;     but: was &lt;false&gt;" type="junit.framework.AssertionFailedError">junit.framework.AssertionFailedError: 
Expected: &lt;true&gt;
     but: was &lt;false&gt;
	at org.hamcrest.MatcherAssert.assertThat(MatcherAssert.java:20)
	at com.allendowney.thinkdast.MyArrayListTest.testContainsAll(MyArrayListTest.java:126)
</failure>
  </testcase>
  <testcase classname="com.allendowney.thinkdast.MyLinkedListTest" name="testRemoveObject" time="0.001">
    <failure message="&#xa;Expected: is &lt;2&gt;&#xa;     but: was &lt;0&gt;" type="junit.framework.AssertionFailedError">junit.framework.AssertionFailedError: 
Expected: is &lt;2&gt;
     but: was &lt;0&gt;
	at org.hamcrest.MatcherAssert.assertThat(MatcherAssert.java:20)
	at com.allendowney.thinkdast.MyArrayListTest.testRemoveObject(MyArrayListTest.java:196)
</failure>
  </testcase>
  <testcase classname="com.allendowney.thinkdast.MyLinkedListTest" name="testContains" time="0.0">
    <failure message="&#xa;Expected: &lt;true&gt;&#xa;     but: was &lt;false&gt;" type="junit.framework.AssertionFailedError">junit.framework.AssertionFailedError: 
Expected: &lt;true&gt;
     but: was &lt;false&gt;
	at org.hamcrest.MatcherAssert.assertThat(MatcherAssert.java:20)
	at com.allendowney.thinkdast.MyArrayListTest.testContains(MyArrayListTest.java:114)
</failure>
  </testcase>
  <testcase classname="com.allendowney.thinkdast.MyLinkedListTest" name="testIndexOfNull" time="0.001">
    <error type="java.lang.NullPointerException">java.lang.NullPointerException
	at com.allendowney.thinkdast.MyLinkedList.equals(MyLinkedList.java:166)
	at com.allendowney.thinkdast.MyLinkedList.indexOf(MyLinkedList.java:172)
	at com.allendowney.thinkdast.MyArrayListTest.testIndexOfNull(MyArrayListTest.java:153)
</error>
  </testcase>
  <testcase classname="com.allendowney.thinkdast.MyLinkedListTest" name="testIndexOf" time="0.0" />
  <testcase classname="com.allendowney.thinkdast.MyLinkedListTest" name="testMyList" time="0.002">
    <failure message="&#xa;Expected: is &lt;3&gt;&#xa;     but: was &lt;0&gt;" type="junit.framework.AssertionFailedError">junit.framework.AssertionFailedError: 
Expected: is &lt;3&gt;
     but: was &lt;0&gt;
	at org.hamcrest.MatcherAssert.assertThat(MatcherAssert.java:20)
	at com.allendowney.thinkdast.MyArrayListTest.testMyList(MyArrayListTest.java:44)
</failure>
  </testcase>
  <testcase classname="com.allendowney.thinkdast.MyLinkedListTest" name="testIsEmpty" time="0.003">
    <failure message="&#xa;Expected: &lt;true&gt;&#xa;     but: was &lt;false&gt;" type="junit.framework.AssertionFailedError">junit.framework.AssertionFailedError: 
Expected: &lt;true&gt;
     but: was &lt;false&gt;
	at org.hamcrest.MatcherAssert.assertThat(MatcherAssert.java:20)
	at com.allendowney.thinkdast.MyArrayListTest.testIsEmpty(MyArrayListTest.java:165)
</failure>
  </testcase>
  <testcase classname="com.allendowney.thinkdast.MyLinkedListTest" name="testIterator" time="0.001">
    <error type="java.lang.NullPointerException">java.lang.NullPointerException
	at com.allendowney.thinkdast.MyArrayListTest.testIterator(MyArrayListTest.java:174)
</error>
  </testcase>
  <testcase classname="com.allendowney.thinkdast.MyLinkedListTest" name="testRemoveAll" time="0.0" />
  <testcase classname="com.allendowney.thinkdast.MyLinkedListTest" name="testRemoveInt" time="0.001">
    <failure message="&#xa;Expected: is &lt;2&gt;&#xa;     but: was &lt;0&gt;" type="junit.framework.AssertionFailedError">junit.framework.AssertionFailedError: 
Expected: is &lt;2&gt;
     but: was &lt;0&gt;
	at org.hamcrest.MatcherAssert.assertThat(MatcherAssert.java:20)
	at com.allendowney.thinkdast.MyArrayListTest.testRemoveInt(MyArrayListTest.java:225)
</failure>
  </testcase>
  <testcase classname="com.allendowney.thinkdast.MyLinkedListTest" name="testSubList" time="0.0">
    <error type="java.lang.NullPointerException">java.lang.NullPointerException
	at com.allendowney.thinkdast.MyArrayListTest.testSubList(MyArrayListTest.java:285)
</error>
  </testcase>
  <system-out><![CDATA[]]></system-out>
  <system-err><![CDATA[]]></system-err>
</testsuite>
