<?xml version="1.0" encoding="UTF-8" ?>
<testsuite errors="0" failures="0" hostname="seoyechan-ui-MacBookPro.local" name="com.allendowney.thinkdast.WikiPhilosophyTest" skipped="0" tests="1" time="16.745" timestamp="2023-05-08T04:54:31">
  <properties>
[...]
</properties>
  <testcase classname="com.allendowney.thinkdast.WikiPhilosophyTest" name="testMain" time="16.608" />
  <system-out><![CDATA[Fetching https://en.wikipedia.org/wiki/Java_(programming_language)...
**high-level**
Fetching https://en.wikipedia.org/wiki/High-level_programming_language...
**computer science**
Fetching https://en.wikipedia.org/wiki/Computer_science...
**computation**
Fetching https://en.wikipedia.org/wiki/Computation...
**arithmetic**
Fetching https://en.wikipedia.org/wiki/Arithmetic...
**mathematics**
Fetching https://en.wikipedia.org/wiki/Mathematics...
**knowledge**
Fetching https://en.wikipedia.org/wiki/Knowledge...
**awareness of facts**
Fetching https://en.wikipedia.org/wiki/Descriptive_knowledge...
**awareness**
Fetching https://en.wikipedia.org/wiki/Awareness...
**psychology**
Fetching https://en.wikipedia.org/wiki/Psychology...
**scientific**
Fetching https://en.wikipedia.org/wiki/Science...
**builds**
Fetching https://en.wikipedia.org/wiki/Scientific_method...
**empirical**
Fetching https://en.wikipedia.org/wiki/Empirical_evidence...
**proposition**
Fetching https://en.wikipedia.org/wiki/Proposition...
**philosophy of language**
Fetching https://en.wikipedia.org/wiki/Philosophy_of_language...
**analytic philosophy**
Fetching https://en.wikipedia.org/wiki/Analytic_philosophy...
**tradition**
Fetching https://en.wikipedia.org/wiki/Philosophical_tradition...
**philosophy**
Eureka!
]]></system-out>
  <system-err><![CDATA[]]></system-err>
</testsuite>
