<?xml version="1.0" encoding="UTF-8" ?>
<testsuite errors="4" failures="10" hostname="seoyechan-ui-MacBookPro.local" name="com.allendowney.thinkdast.MyLinkedListTest" skipped="0" tests="20" time="0.162" timestamp="2023-05-08T07:44:54">
  <properties>
[...]
</properties>
  <testcase classname="com.allendowney.thinkdast.MyLinkedListTest" name="testToArray" time="0.007">
    <error message="0" type="java.lang.ArrayIndexOutOfBoundsException">java.lang.ArrayIndexOutOfBoundsException: 0
	at com.allendowney.thinkdast.MyArrayListTest.testToArray(MyArrayListTest.java:294)
</error>
  </testcase>
  <testcase classname="com.allendowney.thinkdast.MyLinkedListTest" name="testAddIntT" time="0.004">
    <failure message="&#xa;Expected: is &lt;4&gt;&#xa;     but: was &lt;0&gt;" type="junit.framework.AssertionFailedError">junit.framework.AssertionFailedError: 
Expected: is &lt;4&gt;
     but: was &lt;0&gt;
	at org.hamcrest.MatcherAssert.assertThat(MatcherAssert.java:20)
	at com.allendowney.thinkdast.MyArrayListTest.testAddIntT(MyArrayListTest.java:67)
</failure>
  </testcase>
  <testcase classname="com.allendowney.thinkdast.MyLinkedListTest" name="testGet" time="0.0" />
  <testcase classname="com.allendowney.thinkdast.MyLinkedListTest" name="testSet" time="0.001">
    <failure message="&#xa;Expected: is &lt;2&gt;&#xa;     but: was null" type="junit.framework.AssertionFailedError">junit.framework.AssertionFailedError: 
Expected: is &lt;2&gt;
     but: was null
	at org.hamcrest.MatcherAssert.assertThat(MatcherAssert.java:20)
	at com.allendowney.thinkdast.MyArrayListTest.testSet(MyArrayListTest.java:244)
</failure>
  </testcase>
  <testcase classname="com.allendowney.thinkdast.MyLinkedListTest" name="testAddAllCollectionOfQextendsT" time="0.0">
    <failure message="&#xa;Expected: is &lt;12&gt;&#xa;     but: was &lt;0&gt;" type="junit.framework.AssertionFailedError">junit.framework.AssertionFailedError: 
Expected: is &lt;12&gt;
     but: was &lt;0&gt;
	at org.hamcrest.MatcherAssert.assertThat(MatcherAssert.java:20)
	at com.allendowney.thinkdast.MyArrayListTest.testAddAllCollectionOfQextendsT(MyArrayListTest.java:96)
</failure>
  </testcase>
  <testcase classname="com.allendowney.thinkdast.MyLinkedListTest" name="testClear" time="0.0" />
  <testcase classname="com.allendowney.thinkdast.MyLinkedListTest" name="testAddT" time="0.0" />
  <testcase classname="com.allendowney.thinkdast.MyLinkedListTest" name="testSize" time="0.0">
    <failure message="&#xa;Expected: is &lt;3&gt;&#xa;     but: was &lt;0&gt;" type="junit.framework.AssertionFailedError">junit.framework.AssertionFailedError: 
Expected: is &lt;3&gt;
     but: was &lt;0&gt;
	at org.hamcrest.MatcherAssert.assertThat(MatcherAssert.java:20)
	at com.allendowney.thinkdast.MyArrayListTest.testSize(MyArrayListTest.java:275)
</failure>
  </testcase>
  <testcase classname="com.allendowney.thinkdast.MyLinkedListTest" name="testLastIndexOf" time="0.0" />
  <testcase classname="com.allendowney.thinkdast.MyLinkedListTest" name="testContainsAll" time="0.001">
    <failure message="&#xa;Expected: &lt;true&gt;&#xa;     but: was &lt;false&gt;" type="junit.framework.AssertionFailedError">junit.framework.AssertionFailedError: 
Expected: &lt;true&gt;
     but: was &lt;false&gt;
	at org.hamcrest.MatcherAssert.assertThat(MatcherAssert.java:20)
	at com.allendowney.thinkdast.MyArrayListTest.testContainsAll(MyArrayListTest.java:126)
</failure>
  </testcase>
  <testcase classname="com.allendowney.thinkdast.MyLinkedListTest" name="testRemoveObject" time="0.001">
    <failure message="&#xa;Expected: is &lt;2&gt;&#xa;     but: was &lt;0&gt;" type="junit.framework.AssertionFailedError">junit.framework.AssertionFailedError: 
Expected: is &lt;2&gt;
     but: was &lt;0&gt;
	at org.hamcrest.MatcherAssert.assertThat(MatcherAssert.java:20)
	at com.allendowney.thinkdast.MyArrayListTest.testRemoveObject(MyArrayListTest.java:196)
</failure>
  </testcase>
  <testcase classname="com.allendowney.thinkdast.MyLinkedListTest" name="testContains" time="0.0">
    <failure message="&#xa;Expected: &lt;true&gt;&#xa;     but: was &lt;false&gt;" type="junit.framework.AssertionFailedError">junit.framework.AssertionFailedError: 
Expected: &lt;true&gt;
     but: was &lt;false&gt;
	at org.hamcrest.MatcherAssert.assertThat(MatcherAssert.java:20)
	at com.allendowney.thinkdast.MyArrayListTest.testContains(MyArrayListTest.java:114)
</failure>
  </testcase>
  <testcase classname="com.allendowney.thinkdast.MyLinkedListTest" name="testIndexOfNull" time="0.001">
    <error type="java.lang.NullPointerException">java.lang.NullPointerException
	at com.allendowney.thinkdast.MyLinkedList.equals(MyLinkedList.java:166)
	at com.allendowney.thinkdast.MyLinkedList.indexOf(MyLinkedList.java:172)
	at com.allendowney.thinkdast.MyArrayListTest.testIndexOfNull(MyArrayListTest.java:153)
</error>
  </testcase>
  <testcase classname="com.allendowney.thinkdast.MyLinkedListTest" name="testIndexOf" time="0.0" />
  <testcase classname="com.allendowney.thinkdast.MyLinkedListTest" name="testMyList" time="0.002">
    <failure message="&#xa;Expected: is &lt;3&gt;&#xa;     but: was &lt;0&gt;" type="junit.framework.AssertionFailedError">junit.framework.AssertionFailedError: 
Expected: is &lt;3&gt;
     but: was &lt;0&gt;
	at org.hamcrest.MatcherAssert.assertThat(MatcherAssert.java:20)
	at com.allendowney.thinkdast.MyArrayListTest.testMyList(MyArrayListTest.java:44)
</failure>
  </testcase>
  <testcase classname="com.allendowney.thinkdast.MyLinkedListTest" name="testIsEmpty" time="0.003">
    <failure message="&#xa;Expected: &lt;true&gt;&#xa;     but: was &lt;false&gt;" type="junit.framework.AssertionFailedError">junit.framework.AssertionFailedError: 
Expected: &lt;true&gt;
     but: was &lt;false&gt;
	at org.hamcrest.MatcherAssert.assertThat(MatcherAssert.java:20)
	at com.allendowney.thinkdast.MyArrayListTest.testIsEmpty(MyArrayListTest.java:165)
</failure>
  </testcase>
  <testcase classname="com.allendowney.thinkdast.MyLinkedListTest" name="testIterator" time="0.001">
    <error type="java.lang.NullPointerException">java.lang.NullPointerException
	at com.allendowney.thinkdast.MyArrayListTest.testIterator(MyArrayListTest.java:174)
</error>
  </testcase>
  <testcase classname="com.allendowney.thinkdast.MyLinkedListTest" name="testRemoveAll" time="0.0" />
  <testcase classname="com.allendowney.thinkdast.MyLinkedListTest" name="testRemoveInt" time="0.001">
    <failure message="&#xa;Expected: is &lt;2&gt;&#xa;     but: was &lt;0&gt;" type="junit.framework.AssertionFailedError">junit.framework.AssertionFailedError: 
Expected: is &lt;2&gt;
     but: was &lt;0&gt;
	at org.hamcrest.MatcherAssert.assertThat(MatcherAssert.java:20)
	at com.allendowney.thinkdast.MyArrayListTest.testRemoveInt(MyArrayListTest.java:225)
</failure>
  </testcase>
  <testcase classname="com.allendowney.thinkdast.MyLinkedListTest" name="testSubList" time="0.0">
    <error type="java.lang.NullPointerException">java.lang.NullPointerException
	at com.allendowney.thinkdast.MyArrayListTest.testSubList(MyArrayListTest.java:285)
</error>
  </testcase>
  <system-out><![CDATA[]]></system-out>
  <system-err><![CDATA[]]></system-err>
</testsuite>
