<?xml version="1.0" encoding="UTF-8" ?>
<testsuite errors="1" failures="0" hostname="seoyechan-ui-MacBookPro.local" name="src.main.java.com.allendowney.thinkdast.ListClientExampleTest" skipped="0" tests="1" time="0.0" timestamp="2023-05-07T10:20:51">
  <properties>
[...]
</properties>
  <error message="src.main.java.com.allendowney.thinkdast.ListClientExampleTest" type="java.lang.ClassNotFoundException">java.lang.ClassNotFoundException: src.main.java.com.allendowney.thinkdast.ListClientExampleTest
	at java.net.URLClassLoader.findClass(URLClassLoader.java:382)
	at java.lang.ClassLoader.loadClass(ClassLoader.java:418)
	at sun.misc.Launcher$AppClassLoader.loadClass(Launcher.java:352)
	at java.lang.ClassLoader.loadClass(ClassLoader.java:351)
	at java.lang.Class.forName0(Native Method)
	at java.lang.Class.forName(Class.java:264)
</error>
  <system-out><![CDATA[]]></system-out>
  <system-err><![CDATA[]]></system-err>
</testsuite>
